<?xml version="1.0" encoding="UTF-8"?>
<!-- Generated by org.testng.reporters.JUnitReportReporter -->
<testsuite skipped="0" hostname="LAPTOP-UT0A06VK" name="Runner.Test_Runner" tests="2" failures="0" timestamp="2021-03-29T13:59:54 IST" time="183.903" errors="0">
  <testcase name="runScenario" time="58.906" classname="Runner.Test_Runner"/>
  <system-out/>
  <testcase name="runScenario" time="124.997" classname="Runner.Test_Runner"/>
  <system-out/>
</testsuite> <!-- Runner.Test_Runner -->
